{"contracts/Counter.sol":{"l":{"8":14,"12":22,"16":20},"path":"/Users/pgonday/ws/template/contracts/Counter.sol","s":{"1":20},"b":{},"f":{"1":14,"2":22,"3":20},"fnMap":{"1":{"name":"setNumber","line":7,"loc":{"start":{"line":7,"column":4},"end":{"line":9,"column":4}}},"2":{"name":"increment","line":11,"loc":{"start":{"line":11,"column":4},"end":{"line":13,"column":4}}},"3":{"name":"number","line":15,"loc":{"start":{"line":15,"column":4},"end":{"line":17,"column":4}}}},"statementMap":{"1":{"start":{"line":16,"column":8},"end":{"line":16,"column":22}}},"branchMap":{}}}